# JRE version: OpenJDK Runtime Environment (8.0_152-b02) (build 1.8.0_152-release-1024-b02)
# Java VM: OpenJDK 64-Bit Server VM (25.152-b02 mixed mode windows-amd64 compressed oops)
Heap:
 PSYoungGen      total 37888K, used 7615K [0x0000000760000000, 0x0000000762a00000, 0x00000007c0000000)
  eden space 32768K, 7% used [0x0000000760000000,0x00000007602744f8,0x0000000762000000)
  from space 5120K, 99% used [0x0000000762000000,0x00000007624fb898,0x0000000762500000)
  to   space 5120K, 0% used [0x0000000762500000,0x0000000762500000,0x0000000762a00000)
 ParOldGen       total 86016K, used 3977K [0x00000006a0000000, 0x00000006a5400000, 0x0000000760000000)
  object space 86016K, 4% used [0x00000006a0000000,0x00000006a03e2420,0x00000006a5400000)
 Metaspace       used 16950K, capacity 17246K, committed 17408K, reserved 1064960K
  class space    used 2367K, capacity 2478K, committed 2560K, reserved 1048576K
GC Heap History (6 events):
Event: 0.567 GC heap before
{Heap before GC invocations=1 (full 0):
 PSYoungGen      total 37888K, used 32517K [0x0000000760000000, 0x0000000762a00000, 0x00000007c0000000)
  eden space 32768K, 99% used [0x0000000760000000,0x0000000761fc17d8,0x0000000762000000)
  from space 5120K, 0% used [0x0000000762500000,0x0000000762500000,0x0000000762a00000)
  to   space 5120K, 0% used [0x0000000762000000,0x0000000762000000,0x0000000762500000)
 ParOldGen       total 86016K, used 0K [0x00000006a0000000, 0x00000006a5400000, 0x0000000760000000)
  object space 86016K, 0% used [0x00000006a0000000,0x00000006a0000000,0x00000006a5400000)
 Metaspace       used 6921K, capacity 7076K, committed 7296K, reserved 1056768K
  class space    used 848K, capacity 888K, committed 896K, reserved 1048576K
Event: 0.570 GC heap after
Heap after GC invocations=1 (full 0):
 PSYoungGen      total 37888K, used 4463K [0x0000000760000000, 0x0000000762a00000, 0x00000007c0000000)
  eden space 32768K, 0% used [0x0000000760000000,0x0000000760000000,0x0000000762000000)
  from space 5120K, 87% used [0x0000000762000000,0x000000076245bc20,0x0000000762500000)
  to   space 5120K, 0% used [0x0000000762500000,0x0000000762500000,0x0000000762a00000)
 ParOldGen       total 86016K, used 8K [0x00000006a0000000, 0x00000006a5400000, 0x0000000760000000)
  object space 86016K, 0% used [0x00000006a0000000,0x00000006a0002000,0x00000006a5400000)
 Metaspace       used 6921K, capacity 7076K, committed 7296K, reserved 1056768K
  class space    used 848K, capacity 888K, committed 896K, reserved 1048576K
}
Event: 1.346 GC heap before
{Heap before GC invocations=2 (full 0):
 PSYoungGen      total 37888K, used 37231K [0x0000000760000000, 0x0000000762a00000, 0x00000007c0000000)
  eden space 32768K, 100% used [0x0000000760000000,0x0000000762000000,0x0000000762000000)
  from space 5120K, 87% used [0x0000000762000000,0x000000076245bc20,0x0000000762500000)
  to   space 5120K, 0% used [0x0000000762500000,0x0000000762500000,0x0000000762a00000)
 ParOldGen       total 86016K, used 8K [0x00000006a0000000, 0x00000006a5400000, 0x0000000760000000)
  object space 86016K, 0% used [0x00000006a0000000,0x00000006a0002000,0x00000006a5400000)
 Metaspace       used 13041K, capacity 13414K, committed 13696K, reserved 1060864K
  class space    used 1740K, capacity 1866K, committed 1920K, reserved 1048576K
Event: 1.351 GC heap after
Heap after GC invocations=2 (full 0):
 PSYoungGen      total 37888K, used 5097K [0x0000000760000000, 0x0000000762a00000, 0x00000007c0000000)
  eden space 32768K, 0% used [0x0000000760000000,0x0000000760000000,0x0000000762000000)
  from space 5120K, 99% used [0x0000000762500000,0x00000007629fa548,0x0000000762a00000)
  to   space 5120K, 0% used [0x0000000762000000,0x0000000762000000,0x0000000762500000)
 ParOldGen       total 86016K, used 905K [0x00000006a0000000, 0x00000006a5400000, 0x0000000760000000)
  object space 86016K, 1% used [0x00000006a0000000,0x00000006a00e2638,0x00000006a5400000)
 Metaspace       used 13041K, capacity 13414K, committed 13696K, reserved 1060864K
  class space    used 1740K, capacity 1866K, committed 1920K, reserved 1048576K
}
Event: 1.761 GC heap before
{Heap before GC invocations=3 (full 0):
 PSYoungGen      total 37888K, used 37865K [0x0000000760000000, 0x0000000762a00000, 0x00000007c0000000)
  eden space 32768K, 100% used [0x0000000760000000,0x0000000762000000,0x0000000762000000)
  from space 5120K, 99% used [0x0000000762500000,0x00000007629fa548,0x0000000762a00000)
  to   space 5120K, 0% used [0x0000000762000000,0x0000000762000000,0x0000000762500000)
 ParOldGen       total 86016K, used 905K [0x00000006a0000000, 0x00000006a5400000, 0x0000000760000000)
  object space 86016K, 1% used [0x00000006a0000000,0x00000006a00e2638,0x00000006a5400000)
 Metaspace       used 16646K, capacity 16990K, committed 17280K, reserved 1064960K
  class space    used 2309K, capacity 2414K, committed 2432K, reserved 1048576K
Event: 1.767 GC heap after
Heap after GC invocations=3 (full 0):
 PSYoungGen      total 37888K, used 5102K [0x0000000760000000, 0x0000000762a00000, 0x00000007c0000000)
  eden space 32768K, 0% used [0x0000000760000000,0x0000000760000000,0x0000000762000000)
  from space 5120K, 99% used [0x0000000762000000,0x00000007624fb898,0x0000000762500000)
  to   space 5120K, 0% used [0x0000000762500000,0x0000000762500000,0x0000000762a00000)
 ParOldGen       total 86016K, used 3977K [0x00000006a0000000, 0x00000006a5400000, 0x0000000760000000)
  object space 86016K, 4% used [0x00000006a0000000,0x00000006a03e2420,0x00000006a5400000)
 Metaspace       used 16646K, capacity 16990K, committed 17280K, reserved 1064960K
  class space    used 2309K, capacity 2414K, committed 2432K, reserved 1048576K
}

